[21:44:28] [ServerMain/INFO]: Environment: Environment[sessionHost=https://sessionserver.mojang.com, servicesHost=https://api.minecraftservices.com, name=PROD]
[21:44:29] [ServerMain/INFO]: Loaded 1175 recipes
[21:44:29] [ServerMain/INFO]: Loaded 1276 advancements
[21:44:29] [Server thread/INFO]: Starting minecraft server version 1.20.6
[21:44:29] [Server thread/INFO]: Loading properties
[21:44:29] [Server thread/INFO]: Default game type: SURVIVAL
[21:44:29] [Server thread/INFO]: Generating keypair
[21:44:30] [Server thread/INFO]: Starting Minecraft server on *:25565
[21:44:30] [Server thread/INFO]: Using default channel type
[21:44:30] [Server thread/INFO]: Preparing level "world"
[21:44:30] [Server thread/INFO]: Preparing start region for dimension minecraft:overworld
[21:44:31] [Worker-Main-6/INFO]: Preparing spawn area: 0%
[21:44:31] [Worker-Main-3/INFO]: Preparing spawn area: 0%
[21:44:31] [Worker-Main-6/INFO]: Preparing spawn area: 0%
[21:44:32] [Server thread/INFO]: Time elapsed: 1423 ms
[21:44:32] [Server thread/INFO]: Done (2.083s)! For help, type "help"
[22:01:41] [User Authenticator #1/INFO]: UUID of player Jboltle is 1f3571b9-26bf-43bc-93f3-8a05f5081a1a
[22:01:42] [Server thread/INFO]: Jboltle[/127.0.0.1:55551] logged in with entity id 12 at (-569.5157162207145, 58.0, -1047.877160299336)
[22:01:42] [Server thread/INFO]: Jboltle joined the game
[22:01:48] [Server thread/INFO]: Jboltle lost connection: Disconnected
[22:01:48] [Server thread/INFO]: Jboltle left the game
[22:03:11] [User Authenticator #2/INFO]: UUID of player ChefMorgini is 85296ec7-bef7-4bf0-8668-678ba386738c
[22:03:12] [Server thread/INFO]: ChefMorgini[/10.0.0.123:54392] logged in with entity id 356 at (-566.0311752239066, 63.0, -1047.6152307865123)
[22:03:12] [Server thread/INFO]: ChefMorgini joined the game
[22:14:26] [User Authenticator #3/INFO]: UUID of player Jboltle is 1f3571b9-26bf-43bc-93f3-8a05f5081a1a
[22:14:27] [Server thread/INFO]: Jboltle[/127.0.0.1:55860] logged in with entity id 2761 at (-569.6999999880791, 58.0, -1047.300000011921)
[22:14:27] [Server thread/INFO]: Jboltle joined the game
[22:31:48] [Server thread/INFO]: Jboltle lost connection: Disconnected
[22:31:48] [Server thread/INFO]: Jboltle left the game
[22:34:11] [User Authenticator #4/INFO]: UUID of player Jboltle is 1f3571b9-26bf-43bc-93f3-8a05f5081a1a
[22:34:12] [Server thread/INFO]: Jboltle[/127.0.0.1:56458] logged in with entity id 6883 at (-67.69999998807907, 38.0, -120.29030004605302)
[22:34:12] [Server thread/INFO]: Jboltle joined the game
[22:34:14] [Server thread/INFO]: Jboltle lost connection: Disconnected
[22:34:14] [Server thread/INFO]: Jboltle left the game
[22:34:31] [User Authenticator #5/INFO]: UUID of player Jboltle is 1f3571b9-26bf-43bc-93f3-8a05f5081a1a
[22:34:31] [Server thread/INFO]: Jboltle[/127.0.0.1:56469] logged in with entity id 6908 at (-67.69999998807907, 38.0, -120.29030004605302)
[22:34:31] [Server thread/INFO]: Jboltle joined the game
[22:34:38] [Server thread/INFO]: Jboltle lost connection: Disconnected
[22:34:38] [Server thread/INFO]: Jboltle left the game
[22:34:46] [User Authenticator #6/INFO]: UUID of player Jboltle is 1f3571b9-26bf-43bc-93f3-8a05f5081a1a
[22:34:47] [Server thread/INFO]: Jboltle[/127.0.0.1:56480] logged in with entity id 6924 at (-67.31747353663775, 39.024424088213685, -120.69999998807907)
[22:34:47] [Server thread/INFO]: Jboltle joined the game
[22:45:05] [Server thread/INFO]: ChefMorgini lost connection: Disconnected
[22:45:05] [Server thread/INFO]: ChefMorgini left the game
[22:45:24] [User Authenticator #7/INFO]: UUID of player ChefMorgini is 85296ec7-bef7-4bf0-8668-678ba386738c
[22:45:25] [Server thread/INFO]: ChefMorgini[/10.0.0.123:54528] logged in with entity id 9388 at (-67.81076190467192, 45.0, -122.59243023926277)
[22:45:25] [Server thread/INFO]: ChefMorgini joined the game
[22:49:32] [Server thread/INFO]: ChefMorgini has made the advancement [A Terrible Fortress]
[22:52:58] [Server thread/INFO]: Jboltle has made the advancement [Into Fire]
[22:58:19] [Server thread/INFO]: ChefMorgini tried to swim in lava
[23:00:29] [Server thread/INFO]: Jboltle lost connection: Disconnected
[23:00:29] [Server thread/INFO]: Jboltle left the game
[23:01:06] [User Authenticator #8/INFO]: UUID of player Jboltle is 1f3571b9-26bf-43bc-93f3-8a05f5081a1a
[23:01:07] [Server thread/INFO]: Jboltle[/127.0.0.1:57234] logged in with entity id 11108 at (15.535776022408864, 59.0, -177.16257829848377)
[23:01:07] [Server thread/INFO]: Jboltle joined the game
[23:01:11] [Server thread/INFO]: Jboltle burned to death
[23:01:17] [Server thread/INFO]: Jboltle lost connection: Disconnected
[23:01:17] [Server thread/INFO]: Jboltle left the game
[23:02:37] [User Authenticator #9/INFO]: UUID of player Jboltle is 1f3571b9-26bf-43bc-93f3-8a05f5081a1a
[23:02:38] [Server thread/INFO]: Jboltle[/127.0.0.1:57488] logged in with entity id 11585 at (12.300000011920929, 55.0, -179.494435825085)
[23:02:38] [Server thread/INFO]: Jboltle joined the game
[23:06:15] [Server thread/INFO]: Jboltle was slain by Wither Skeleton
[23:06:17] [Server thread/INFO]: Jboltle lost connection: Disconnected
[23:06:17] [Server thread/INFO]: Jboltle left the game
[23:06:20] [Server thread/INFO]: ChefMorgini lost connection: Disconnected
[23:06:20] [Server thread/INFO]: ChefMorgini left the game
[23:42:13] [Server thread/INFO]: Stopping server
[23:42:13] [Server thread/INFO]: Saving players
[23:42:13] [Server thread/INFO]: Saving worlds
[23:42:13] [Server thread/INFO]: Saving chunks for level 'ServerLevel[world]'/minecraft:overworld
[23:42:13] [Server thread/INFO]: Saving chunks for level 'ServerLevel[world]'/minecraft:the_nether
[23:42:13] [Server thread/INFO]: Saving chunks for level 'ServerLevel[world]'/minecraft:the_end
[23:42:13] [Server thread/INFO]: ThreadedAnvilChunkStorage (world): All chunks are saved
[23:42:13] [Server thread/INFO]: ThreadedAnvilChunkStorage (DIM-1): All chunks are saved
[23:42:13] [Server thread/INFO]: ThreadedAnvilChunkStorage (DIM1): All chunks are saved
[23:42:13] [Server thread/INFO]: ThreadedAnvilChunkStorage: All dimensions are saved
