[15:27:56] [ServerMain/INFO]: Environment: Environment[sessionHost=https://sessionserver.mojang.com, servicesHost=https://api.minecraftservices.com, name=PROD]
[15:27:57] [ServerMain/INFO]: Loaded 7 recipes
[15:27:57] [ServerMain/INFO]: Loaded 1271 advancements
[15:27:58] [Server thread/INFO]: Starting minecraft server version 1.20.4
[15:27:58] [Server thread/INFO]: Loading properties
[15:27:58] [Server thread/INFO]: Default game type: SURVIVAL
[15:27:58] [Server thread/INFO]: Generating keypair
[15:27:58] [Server thread/INFO]: Starting Minecraft server on *:25565
[15:27:58] [Server thread/INFO]: Using default channel type
[15:27:58] [Server thread/INFO]: Preparing level "world"
[15:27:59] [Server thread/INFO]: Preparing start region for dimension minecraft:overworld
[15:28:01] [Worker-Main-10/INFO]: Preparing spawn area: 0%
[15:28:01] [Worker-Main-10/INFO]: Preparing spawn area: 0%
[15:28:01] [Worker-Main-10/INFO]: Preparing spawn area: 0%
[15:28:01] [Worker-Main-10/INFO]: Preparing spawn area: 0%
[15:28:01] [Worker-Main-11/INFO]: Preparing spawn area: 46%
[15:28:01] [Server thread/INFO]: Time elapsed: 2173 ms
[15:28:01] [Server thread/INFO]: Done (2.892s)! For help, type "help"
[15:28:01] [Server thread/INFO]: Stopping server
[15:28:01] [Server thread/INFO]: Saving players
[15:28:01] [Server thread/INFO]: Saving worlds
[15:28:02] [Server thread/INFO]: Saving chunks for level 'ServerLevel[world]'/minecraft:overworld
[15:28:02] [Server thread/INFO]: Saving chunks for level 'ServerLevel[world]'/minecraft:the_nether
[15:28:02] [Server thread/INFO]: Saving chunks for level 'ServerLevel[world]'/minecraft:the_end
[15:28:02] [Server thread/INFO]: ThreadedAnvilChunkStorage (world): All chunks are saved
[15:28:02] [Server thread/INFO]: ThreadedAnvilChunkStorage (DIM-1): All chunks are saved
[15:28:02] [Server thread/INFO]: ThreadedAnvilChunkStorage (DIM1): All chunks are saved
[15:28:02] [Server thread/INFO]: ThreadedAnvilChunkStorage: All dimensions are saved
